<?xml version="1.0" encoding="UTF-8"?>
<!-- Generated by org.testng.reporters.JUnitReportReporter -->
<testsuite hostname="Harsh" failures="0" tests="3" name="lecture2.PostDataUsingHashMap" time="2.675" errors="0" timestamp="2024-07-03T20:16:58 IST" skipped="0">
  <testcase classname="lecture2.PostDataUsingHashMap" name="PostData" time="2.623"/>
  <testcase classname="lecture2.PostDataUsingHashMap" name="DeleteData" time="0.034"/>
  <testcase classname="lecture2.PostDataUsingHashMap" name="GetUserData" time="0.018"/>
</testsuite> <!-- lecture2.PostDataUsingHashMap -->
