<?xml version="1.0" encoding="UTF-8"?>
<!-- Generated by org.testng.reporters.JUnitReportReporter -->
<testsuite hostname="Harsh" failures="0" tests="1" name="lecture2.PostDataUsingPOJO" time="2.995" errors="0" timestamp="2024-07-05T20:02:51 IST" skipped="0">
  <testcase classname="lecture2.PostDataUsingPOJO" name="DeleteUserData" time="2.995"/>
</testsuite> <!-- lecture2.PostDataUsingPOJO -->
