<?xml version="1.0" encoding="UTF-8"?>
<!-- Generated by org.testng.reporters.JUnitReportReporter -->
<testsuite hostname="Harsh" failures="0" tests="2" name="lecture4.ParsingResponseTest" time="2.269" errors="0" timestamp="2024-07-22T19:57:17 IST" skipped="0">
  <testcase classname="lecture4.ParsingResponseTest" name="testJSONResponse" time="2.240"/>
  <testcase classname="lecture4.ParsingResponseTest" name="testJSONBodyData" time="0.029"/>
</testsuite> <!-- lecture4.ParsingResponseTest -->
