<?xml version="1.0" encoding="UTF-8"?>
<!-- Generated by org.testng.reporters.JUnitReportReporter -->
<testsuite hostname="Harsh" failures="0" tests="1" name="lecture5.FileUploadDownloadTest" time="2.315" errors="0" timestamp="2024-07-24T19:37:05 IST" skipped="0">
  <testcase classname="lecture5.FileUploadDownloadTest" name="downloadFile" time="2.315"/>
</testsuite> <!-- lecture5.FileUploadDownloadTest -->
