<?xml version="1.0" encoding="UTF-8"?>
<!-- Generated by org.testng.reporters.JUnitReportReporter -->
<testsuite hostname="Harsh" failures="0" tests="1" name="lecture1.HttpRequests" time="3.262" errors="0" timestamp="2024-07-13T20:24:05 IST" skipped="0">
  <testcase classname="lecture1.HttpRequests" name="GetUsers" time="3.262"/>
</testsuite> <!-- lecture1.HttpRequests -->
