<?xml version="1.0" encoding="UTF-8"?>
<!-- Generated by org.testng.reporters.JUnitReportReporter -->
<testsuite hostname="Harsh" failures="0" tests="2" name="lecture5.XMLParsingTest" time="6.432" errors="0" timestamp="2024-07-23T18:19:58 IST" skipped="0">
  <testcase classname="lecture5.XMLParsingTest" name="XMLBodyParsingTest" time="5.389"/>
  <testcase classname="lecture5.XMLParsingTest" name="testXMLResponse" time="1.043"/>
</testsuite> <!-- lecture5.XMLParsingTest -->
