<?xml version="1.0" encoding="UTF-8"?>
<!-- Generated by org.testng.reporters.JUnitReportReporter -->
<testsuite hostname="Harsh" failures="0" tests="3" name="lecture2.PostDataUsingJSON" time="2.571" errors="0" timestamp="2024-07-03T20:32:24 IST" skipped="0">
  <testcase classname="lecture2.PostDataUsingJSON" name="PostData" time="2.496"/>
  <testcase classname="lecture2.PostDataUsingJSON" name="DeleteData" time="0.047"/>
  <testcase classname="lecture2.PostDataUsingJSON" name="GetUserData" time="0.028"/>
</testsuite> <!-- lecture2.PostDataUsingJSON -->
