<?xml version="1.0" encoding="UTF-8"?>
<!-- Generated by org.testng.reporters.JUnitReportReporter -->
<testsuite hostname="Harsh" failures="0" tests="1" name="lecture3.QueryAndPathParameters" time="2.078" errors="0" timestamp="2024-07-17T19:43:09 IST" skipped="0">
  <testcase classname="lecture3.QueryAndPathParameters" name="QueryAndPathParms" time="2.078"/>
</testsuite> <!-- lecture3.QueryAndPathParameters -->
