<?xml version="1.0" encoding="UTF-8"?>
<!-- Generated by org.testng.reporters.JUnitReportReporter -->
<testsuite hostname="Harsh" failures="0" tests="2" name="lecture2.PostDataUsingJSONFIle" time="1.613" errors="0" timestamp="2024-07-17T19:23:05 IST" skipped="0">
  <testcase classname="lecture2.PostDataUsingJSONFIle" name="PostDataUsingJsonFile" time="1.562"/>
  <testcase classname="lecture2.PostDataUsingJSONFIle" name="DeleteUserData" time="0.051"/>
</testsuite> <!-- lecture2.PostDataUsingJSONFIle -->
