<?xml version="1.0" encoding="UTF-8"?>
<!-- Generated by org.testng.reporters.JUnitReportReporter -->
<testsuite hostname="Harsh" failures="0" tests="2" name="lecture3.HeaderResponseDemo" time="2.374" errors="0" timestamp="2024-07-17T20:44:18 IST" skipped="0">
  <testcase classname="lecture3.HeaderResponseDemo" name="testHeader" time="1.976"/>
  <testcase classname="lecture3.HeaderResponseDemo" name="getHeadersData" time="0.398"/>
</testsuite> <!-- lecture3.HeaderResponseDemo -->
